{"contracts/Lottery.sol":{"l":{"50":3,"51":3,"52":3,"53":3,"54":3,"55":3,"56":3,"57":3,"61":5,"62":1,"64":4,"65":1,"67":3,"68":3,"79":1,"80":1,"81":1,"82":1,"83":1,"84":1,"88":1,"90":1,"91":0,"97":1,"99":1,"106":1,"113":0,"114":0,"115":0,"118":0,"119":0,"121":0,"122":0,"123":0,"124":0,"128":0,"132":1,"136":0,"140":1,"144":0,"148":6,"152":5,"156":0},"path":"/home/fayaz/Desktop/final_year_project/Blockchain_tutorial/Blockchain-Lottery/contracts/Lottery.sol","s":{"1":5,"2":4,"3":3,"4":3,"5":1,"6":1,"7":1,"8":1,"9":1,"10":1,"11":1,"12":1,"13":1,"14":0,"15":0,"16":0,"17":0,"18":0,"19":1,"20":0,"21":1,"22":0,"23":6,"24":5,"25":0},"b":{"1":[1,4],"2":[1,3],"3":[0,1],"4":[0,0]},"f":{"1":3,"2":5,"3":1,"4":1,"5":0,"6":0,"7":1,"8":0,"9":1,"10":0,"11":6,"12":5,"13":0},"fnMap":{"1":{"name":"constructor","line":49,"loc":{"start":{"line":42,"column":4},"end":{"line":58,"column":4}}},"2":{"name":"enterLottery","line":60,"loc":{"start":{"line":60,"column":4},"end":{"line":69,"column":4}}},"3":{"name":"checkUpkeep","line":71,"loc":{"start":{"line":71,"column":4},"end":{"line":85,"column":4}}},"4":{"name":"performUpkeep","line":87,"loc":{"start":{"line":87,"column":4},"end":{"line":107,"column":4}}},"5":{"name":"fulfillRandomWords","line":109,"loc":{"start":{"line":109,"column":4},"end":{"line":125,"column":4}}},"6":{"name":"getEntraceFee","line":127,"loc":{"start":{"line":127,"column":4},"end":{"line":129,"column":4}}},"7":{"name":"getPlayer","line":131,"loc":{"start":{"line":131,"column":4},"end":{"line":133,"column":4}}},"8":{"name":"getRecentWinner","line":135,"loc":{"start":{"line":135,"column":4},"end":{"line":137,"column":4}}},"9":{"name":"getLotteryState","line":139,"loc":{"start":{"line":139,"column":4},"end":{"line":141,"column":4}}},"10":{"name":"getLastTimeStamp","line":143,"loc":{"start":{"line":143,"column":4},"end":{"line":145,"column":4}}},"11":{"name":"getInterval","line":147,"loc":{"start":{"line":147,"column":4},"end":{"line":149,"column":4}}},"12":{"name":"getEntranceFee","line":151,"loc":{"start":{"line":151,"column":4},"end":{"line":153,"column":4}}},"13":{"name":"getNumberOfPlayers","line":155,"loc":{"start":{"line":155,"column":4},"end":{"line":157,"column":4}}}},"statementMap":{"1":{"start":{"line":61,"column":8},"end":{"line":61,"column":1981}},"2":{"start":{"line":64,"column":8},"end":{"line":64,"column":2066}},"3":{"start":{"line":67,"column":8},"end":{"line":67,"column":40}},"4":{"start":{"line":68,"column":8},"end":{"line":68,"column":37}},"5":{"start":{"line":79,"column":8},"end":{"line":79,"column":55}},"6":{"start":{"line":80,"column":8},"end":{"line":80,"column":74}},"7":{"start":{"line":81,"column":8},"end":{"line":81,"column":44}},"8":{"start":{"line":82,"column":8},"end":{"line":82,"column":51}},"9":{"start":{"line":84,"column":8},"end":{"line":84,"column":36}},"10":{"start":{"line":88,"column":8},"end":{"line":88,"column":47}},"11":{"start":{"line":90,"column":8},"end":{"line":90,"column":3004}},"12":{"start":{"line":99,"column":8},"end":{"line":99,"column":3262}},"13":{"start":{"line":106,"column":8},"end":{"line":106,"column":44}},"14":{"start":{"line":113,"column":8},"end":{"line":113,"column":61}},"15":{"start":{"line":115,"column":8},"end":{"line":115,"column":3772}},"16":{"start":{"line":118,"column":8},"end":{"line":118,"column":3880}},"17":{"start":{"line":124,"column":8},"end":{"line":124,"column":39}},"18":{"start":{"line":128,"column":8},"end":{"line":128,"column":28}},"19":{"start":{"line":132,"column":8},"end":{"line":132,"column":29}},"20":{"start":{"line":136,"column":8},"end":{"line":136,"column":27}},"21":{"start":{"line":140,"column":8},"end":{"line":140,"column":27}},"22":{"start":{"line":144,"column":8},"end":{"line":144,"column":28}},"23":{"start":{"line":148,"column":8},"end":{"line":148,"column":25}},"24":{"start":{"line":152,"column":8},"end":{"line":152,"column":28}},"25":{"start":{"line":156,"column":8},"end":{"line":156,"column":29}}},"branchMap":{"1":{"line":61,"type":"if","locations":[{"start":{"line":61,"column":8},"end":{"line":61,"column":8}},{"start":{"line":61,"column":8},"end":{"line":61,"column":8}}]},"2":{"line":64,"type":"if","locations":[{"start":{"line":64,"column":8},"end":{"line":64,"column":8}},{"start":{"line":64,"column":8},"end":{"line":64,"column":8}}]},"3":{"line":90,"type":"if","locations":[{"start":{"line":90,"column":8},"end":{"line":90,"column":8}},{"start":{"line":90,"column":8},"end":{"line":90,"column":8}}]},"4":{"line":118,"type":"if","locations":[{"start":{"line":118,"column":8},"end":{"line":118,"column":8}},{"start":{"line":118,"column":8},"end":{"line":118,"column":8}}]}}},"contracts/tests/VRFCoordinatorV2Mock.sol":{"l":{},"path":"/home/fayaz/Desktop/final_year_project/Blockchain_tutorial/Blockchain-Lottery/contracts/tests/VRFCoordinatorV2Mock.sol","s":{},"b":{},"f":{},"fnMap":{},"statementMap":{},"branchMap":{}}}