TN:
SF:/home/fayaz/Desktop/final_year_project/Blockchain_tutorial/Blockchain-Lottery/contracts/Lottery.sol
FN:49,constructor
FN:60,enterLottery
FN:71,checkUpkeep
FN:87,performUpkeep
FN:109,fulfillRandomWords
FN:127,getEntraceFee
FN:131,getPlayer
FN:135,getRecentWinner
FN:139,getLotteryState
FN:143,getLastTimeStamp
FN:147,getInterval
FN:151,getEntranceFee
FN:155,getNumberOfPlayers
FNF:13
FNH:8
FNDA:3,constructor
FNDA:5,enterLottery
FNDA:1,checkUpkeep
FNDA:1,performUpkeep
FNDA:0,fulfillRandomWords
FNDA:0,getEntraceFee
FNDA:1,getPlayer
FNDA:0,getRecentWinner
FNDA:1,getLotteryState
FNDA:0,getLastTimeStamp
FNDA:6,getInterval
FNDA:5,getEntranceFee
FNDA:0,getNumberOfPlayers
DA:50,3
DA:51,3
DA:52,3
DA:53,3
DA:54,3
DA:55,3
DA:56,3
DA:57,3
DA:61,5
DA:62,1
DA:64,4
DA:65,1
DA:67,3
DA:68,3
DA:79,1
DA:80,1
DA:81,1
DA:82,1
DA:83,1
DA:84,1
DA:88,1
DA:90,1
DA:91,0
DA:97,1
DA:99,1
DA:106,1
DA:113,0
DA:114,0
DA:115,0
DA:118,0
DA:119,0
DA:121,0
DA:122,0
DA:123,0
DA:124,0
DA:128,0
DA:132,1
DA:136,0
DA:140,1
DA:144,0
DA:148,6
DA:152,5
DA:156,0
LF:43
LH:29
BRDA:61,1,0,1
BRDA:61,1,1,4
BRDA:64,2,0,1
BRDA:64,2,1,3
BRDA:90,3,0,0
BRDA:90,3,1,1
BRDA:118,4,0,0
BRDA:118,4,1,0
BRF:8
BRH:5
end_of_record
TN:
SF:/home/fayaz/Desktop/final_year_project/Blockchain_tutorial/Blockchain-Lottery/contracts/tests/VRFCoordinatorV2Mock.sol
FNF:0
FNH:0
LF:0
LH:0
BRF:0
BRH:0
end_of_record
